2017-06-10 00:13:26.177083	test [166]	: Array
(
    [0] => Array
        (
            [0] => 195
            [1] => 196
            [2] => 197
            [3] => 198
            [4] => 199
            [5] => 200
        )

)

2017-06-10 00:13:26.180619	test [184]	: 1
2017-06-10 00:13:26.187961	test [184]	: 2
2017-06-10 00:13:26.191272	test [184]	: 3
2017-06-10 00:13:26.194344	test [184]	: 4
2017-06-10 00:19:58.596170	test [166]	: Array
(
    [0] => Array
        (
            [0] => 195
            [1] => 196
            [2] => 197
            [3] => 198
            [4] => 199
            [5] => 200
        )

)

